<?xml version="1.0" encoding="UTF-8"?>
<!-- Generated by org.testng.reporters.JUnitXMLReporter -->
<testsuite ignored="0" hostname="LAPTOP-LK04PM99" failures="0" tests="4" name="Test" time="14.237" errors="0" timestamp="2023-05-27T13:38:39 IST">
  <testcase classname="testClassPackage.Post_tc_1" name="execute" time="8.899"/>
  <testcase classname="testClassPackage.Post_tc_2" name="execute" time="1.686"/>
  <testcase classname="testClassPackage.Post_tc_3" name="execute" time="1.607"/>
  <testcase classname="testClassPackage.Post_tc_4" name="execute" time="1.794"/>
</testsuite> <!-- Test -->
